Start testing: Mar 17 00:26 CST
----------------------------------------------------------
1/1 Testing: expected_test
1/1 Test: expected_test
Command: "/home/carlos/developer/tensor_framework/build/bin/tests/expected_test"
Directory: /home/carlos/developer/tensor_framework/build/tests/unit
"expected_test" start time: Mar 17 00:26 CST
Output:
----------------------------------------------------------
Randomness seeded to: 3789535147
===============================================================================
All tests passed (4 assertions in 1 test case)

<end of output>
Test time =   0.00 sec
----------------------------------------------------------
Test Passed.
"expected_test" end time: Mar 17 00:26 CST
"expected_test" time elapsed: 00:00:00
----------------------------------------------------------

End testing: Mar 17 00:26 CST
